D:\anaconda\envs\test\python.exe C:\Users\Jerry\PycharmProjects\PythonProject\XGBoost\test.py
[I 2025-08-01 22:03:12,570] A new study created in memory with name: no-name-a63c28c1-d66b-4303-9587-3e7c589b4fa7
  0%|          | 0/50 [00:00<?, ?it/s]C:\Users\Jerry\AppData\Roaming\Python\Python313\site-packages\xgboost\core.py:729: UserWarning:

[22:03:38] WARNING: C:\actions-runner\_work\xgboost\xgboost\src\common\error_msg.cc:58: Falling back to prediction using DMatrix due to mismatched devices. This might lead to higher memory usage and slower performance. XGBoost is running on: cuda:0, while the input data is on: cpu.
Potential solutions:
- Use a data structure that matches the device ordinal in the booster.
- Set the device for booster before call to inplace_predict.

This warning will only be shown once.


Best trial: 0. Best value: 0.71401:   2%|▏         | 1/50 [01:20<1:05:55, 80.72s/it][I 2025-08-01 22:04:33,291] Trial 0 finished with value: 0.7140099993394285 and parameters: {'max_depth': 4, 'learning_rate': 0.007054621971949124, 'subsample': 0.7679245772697055, 'colsample_bytree': 0.7709726575599863, 'min_child_weight': 4}. Best is trial 0 with value: 0.7140099993394285.
Best trial: 1. Best value: 0.768239:   4%|▍         | 2/50 [02:52<1:09:46, 87.22s/it][I 2025-08-01 22:06:05,068] Trial 1 finished with value: 0.7682390000185365 and parameters: {'max_depth': 5, 'learning_rate': 0.006001276417531363, 'subsample': 0.6061948606538657, 'colsample_bytree': 0.8894747037387343, 'min_child_weight': 9}. Best is trial 1 with value: 0.7682390000185365.
Best trial: 2. Best value: 0.916495:   6%|▌         | 3/50 [05:35<1:35:35, 122.02s/it][I 2025-08-01 22:08:48,505] Trial 2 finished with value: 0.916494999885833 and parameters: {'max_depth': 8, 'learning_rate': 0.037864164204809356, 'subsample': 0.6879170236182095, 'colsample_bytree': 0.8313657859350236, 'min_child_weight': 9}. Best is trial 2 with value: 0.916494999885833.
[I 2025-08-01 22:16:56,417] Trial 3 finished with value: 0.9218070000018436 and parameters: {'max_depth': 12, 'learning_rate': 0.017998354535510352, 'subsample': 0.8113174764055415, 'colsample_bytree': 0.9944955674473542, 'min_child_weight': 8}. Best is trial 3 with value: 0.9218070000018436.
Best trial: 3. Best value: 0.921807:  10%|█         | 5/50 [15:04<2:29:32, 199.39s/it][I 2025-08-01 22:18:16,851] Trial 4 finished with value: 0.7813239991025634 and parameters: {'max_depth': 4, 'learning_rate': 0.01708948507988563, 'subsample': 0.8144946353533887, 'colsample_bytree': 0.6036855521155795, 'min_child_weight': 4}. Best is trial 3 with value: 0.9218070000018436.
[I 2025-08-01 22:20:08,977] Trial 5 finished with value: 0.8776839999487555 and parameters: {'max_depth': 6, 'learning_rate': 0.048775873445871636, 'subsample': 0.719917905651455, 'colsample_bytree': 0.7245330898681667, 'min_child_weight': 2}. Best is trial 3 with value: 0.9218070000018436.
Best trial: 3. Best value: 0.921807:  14%|█▍        | 7/50 [25:05<3:16:29, 274.18s/it][I 2025-08-01 22:28:18,214] Trial 6 finished with value: 0.8709299994917424 and parameters: {'max_depth': 11, 'learning_rate': 0.009889567590889076, 'subsample': 0.7038669689364508, 'colsample_bytree': 0.6967933273329396, 'min_child_weight': 10}. Best is trial 3 with value: 0.9218070000018436.
Best trial: 3. Best value: 0.921807:  16%|█▌        | 8/50 [26:26<2:28:53, 212.69s/it][I 2025-08-01 22:29:39,259] Trial 7 finished with value: 0.8105169987006223 and parameters: {'max_depth': 4, 'learning_rate': 0.019395228069825247, 'subsample': 0.6265602066077365, 'colsample_bytree': 0.8558563945629576, 'min_child_weight': 2}. Best is trial 3 with value: 0.9218070000018436.
Best trial: 3. Best value: 0.921807:  18%|█▊        | 9/50 [28:18<2:03:51, 181.26s/it][I 2025-08-01 22:31:31,400] Trial 8 finished with value: 0.8571369994477148 and parameters: {'max_depth': 6, 'learning_rate': 0.016929202199956993, 'subsample': 0.8179052808033798, 'colsample_bytree': 0.8333181966517063, 'min_child_weight': 8}. Best is trial 3 with value: 0.9218070000018436.
Best trial: 3. Best value: 0.921807:  20%|██        | 10/50 [31:29<2:02:44, 184.10s/it][I 2025-08-01 22:34:41,878] Trial 9 finished with value: 0.8560409994167127 and parameters: {'max_depth': 8, 'learning_rate': 0.006662304679279319, 'subsample': 0.7323719933295197, 'colsample_bytree': 0.9672699082053892, 'min_child_weight': 6}. Best is trial 3 with value: 0.9218070000018436.
[I 2025-08-01 22:45:00,212] Trial 10 finished with value: 0.9115350001248229 and parameters: {'max_depth': 12, 'learning_rate': 0.01096470420627183, 'subsample': 0.9363605601515625, 'colsample_bytree': 0.995393883302229, 'min_child_weight': 7}. Best is trial 3 with value: 0.9218070000018436.
Best trial: 3. Best value: 0.921807:  24%|██▍       | 12/50 [45:19<3:00:26, 284.92s/it][I 2025-08-01 22:48:31,745] Trial 11 finished with value: 0.9202439999448405 and parameters: {'max_depth': 9, 'learning_rate': 0.0347147843527966, 'subsample': 0.8834338198961789, 'colsample_bytree': 0.9248172330710782, 'min_child_weight': 10}. Best is trial 3 with value: 0.9218070000018436.
Best trial: 12. Best value: 0.922054:  26%|██▌       | 13/50 [49:46<2:52:19, 279.45s/it][I 2025-08-01 22:52:58,631] Trial 12 finished with value: 0.922054000074844 and parameters: {'max_depth': 10, 'learning_rate': 0.029423331042466475, 'subsample': 0.9056730570299738, 'colsample_bytree': 0.9298851923311826, 'min_child_weight': 10}. Best is trial 12 with value: 0.922054000074844.
[I 2025-08-01 22:57:38,084] Trial 13 finished with value: 0.9193850002048386 and parameters: {'max_depth': 10, 'learning_rate': 0.025722711157194867, 'subsample': 0.9815058270022197, 'colsample_bytree': 0.9321611113764723, 'min_child_weight': 7}. Best is trial 12 with value: 0.922054000074844.
Best trial: 14. Best value: 0.925649:  30%|███       | 15/50 [1:01:55<3:13:02, 330.92s/it][I 2025-08-01 23:05:08,280] Trial 14 finished with value: 0.9256490000458513 and parameters: {'max_depth': 12, 'learning_rate': 0.02422751679169185, 'subsample': 0.8860367732240203, 'colsample_bytree': 0.990129048822066, 'min_child_weight': 8}. Best is trial 14 with value: 0.9256490000458513.
Best trial: 14. Best value: 0.925649:  32%|███▏      | 16/50 [1:06:24<2:56:54, 312.19s/it][I 2025-08-01 23:09:36,975] Trial 15 finished with value: 0.9207790000508416 and parameters: {'max_depth': 10, 'learning_rate': 0.026673767496885367, 'subsample': 0.8751805479577662, 'colsample_bytree': 0.9208248307491514, 'min_child_weight': 10}. Best is trial 14 with value: 0.9256490000458513.
[I 2025-08-01 23:14:14,959] Trial 16 finished with value: 0.9198460000808396 and parameters: {'max_depth': 10, 'learning_rate': 0.025182118225286904, 'subsample': 0.8876901222258461, 'colsample_bytree': 0.884052343984304, 'min_child_weight': 8}. Best is trial 14 with value: 0.9256490000458513.
Best trial: 14. Best value: 0.925649:  36%|███▌      | 18/50 [1:18:45<3:06:53, 350.41s/it][I 2025-08-01 23:21:58,289] Trial 17 finished with value: 0.909494000069819 and parameters: {'max_depth': 11, 'learning_rate': 0.012840409667381893, 'subsample': 0.9936275402158721, 'colsample_bytree': 0.9572970094693695, 'min_child_weight': 5}. Best is trial 14 with value: 0.9256490000458513.
[I 2025-08-01 23:28:28,222] Trial 18 finished with value: 0.9282350000518563 and parameters: {'max_depth': 12, 'learning_rate': 0.03430477705331971, 'subsample': 0.9319466798340601, 'colsample_bytree': 0.8913931396535918, 'min_child_weight': 9}. Best is trial 18 with value: 0.9282350000518563.
Best trial: 18. Best value: 0.928235:  40%|████      | 20/50 [1:33:40<3:22:33, 405.11s/it][I 2025-08-01 23:36:53,149] Trial 19 finished with value: 0.9162309997718326 and parameters: {'max_depth': 12, 'learning_rate': 0.04876627614882481, 'subsample': 0.9402345298703632, 'colsample_bytree': 0.7710176790786585, 'min_child_weight': 6}. Best is trial 18 with value: 0.9282350000518563.
[I 2025-08-01 23:39:19,571] Trial 20 finished with value: 0.8854339995117714 and parameters: {'max_depth': 7, 'learning_rate': 0.0217652935003002, 'subsample': 0.8501453766666005, 'colsample_bytree': 0.8958139386135243, 'min_child_weight': 7}. Best is trial 18 with value: 0.9282350000518563.
Best trial: 18. Best value: 0.928235:  44%|████▍     | 22/50 [1:41:48<2:34:49, 331.78s/it][I 2025-08-01 23:45:01,433] Trial 21 finished with value: 0.9267839999208536 and parameters: {'max_depth': 11, 'learning_rate': 0.034467874036140836, 'subsample': 0.9296053245338223, 'colsample_bytree': 0.9673372406486556, 'min_child_weight': 9}. Best is trial 18 with value: 0.9282350000518563.
Best trial: 18. Best value: 0.928235:  46%|████▌     | 23/50 [1:47:28<2:30:21, 334.12s/it][I 2025-08-01 23:50:41,005] Trial 22 finished with value: 0.9270999999968542 and parameters: {'max_depth': 11, 'learning_rate': 0.03595563834014909, 'subsample': 0.9412824034739058, 'colsample_bytree': 0.9621010757088939, 'min_child_weight': 9}. Best is trial 18 with value: 0.9282350000518563.
Best trial: 18. Best value: 0.928235:  48%|████▊     | 24/50 [1:53:08<2:25:34, 335.95s/it][I 2025-08-01 23:56:21,219] Trial 23 finished with value: 0.9272840001388545 and parameters: {'max_depth': 11, 'learning_rate': 0.0373145408411756, 'subsample': 0.9454868283817565, 'colsample_bytree': 0.9473087794852305, 'min_child_weight': 9}. Best is trial 18 with value: 0.9282350000518563.
[I 2025-08-02 00:00:00,894] Trial 24 finished with value: 0.921986999950844 and parameters: {'max_depth': 9, 'learning_rate': 0.040579239272833675, 'subsample': 0.9543327121322303, 'colsample_bytree': 0.8684486496643777, 'min_child_weight': 9}. Best is trial 18 with value: 0.9282350000518563.
Best trial: 18. Best value: 0.928235:  52%|█████▏    | 26/50 [2:02:47<2:07:23, 318.46s/it][I 2025-08-02 00:05:59,957] Trial 25 finished with value: 0.9253709999298508 and parameters: {'max_depth': 11, 'learning_rate': 0.031293992402383626, 'subsample': 0.9729796136683551, 'colsample_bytree': 0.9500197494172962, 'min_child_weight': 9}. Best is trial 18 with value: 0.9282350000518563.
[I 2025-08-02 00:09:43,002] Trial 26 finished with value: 0.9239560000268479 and parameters: {'max_depth': 9, 'learning_rate': 0.04255791956451396, 'subsample': 0.8457625728388843, 'colsample_bytree': 0.9054455971288982, 'min_child_weight': 7}. Best is trial 18 with value: 0.9282350000518563.
Best trial: 18. Best value: 0.928235:  56%|█████▌    | 28/50 [2:13:46<2:02:24, 333.82s/it][I 2025-08-02 00:16:59,447] Trial 27 finished with value: 0.925971000016852 and parameters: {'max_depth': 11, 'learning_rate': 0.03120409332373961, 'subsample': 0.9144221297922549, 'colsample_bytree': 0.83654321472588, 'min_child_weight': 1}. Best is trial 18 with value: 0.9282350000518563.
Best trial: 18. Best value: 0.928235:  58%|█████▊    | 29/50 [2:22:52<2:19:04, 397.34s/it][I 2025-08-02 00:26:05,002] Trial 28 finished with value: 0.9237100001258473 and parameters: {'max_depth': 12, 'learning_rate': 0.02133341334726272, 'subsample': 0.9614547750704927, 'colsample_bytree': 0.9556611453966766, 'min_child_weight': 5}. Best is trial 18 with value: 0.9282350000518563.
Best trial: 18. Best value: 0.928235:  60%|██████    | 30/50 [2:24:03<1:39:50, 299.51s/it][I 2025-08-02 00:27:16,256] Trial 29 finished with value: 0.8014529993506034 and parameters: {'max_depth': 3, 'learning_rate': 0.04257445182732463, 'subsample': 0.772170965880717, 'colsample_bytree': 0.7599375986159361, 'min_child_weight': 8}. Best is trial 18 with value: 0.9282350000518563.
Best trial: 18. Best value: 0.928235:  62%|██████▏   | 31/50 [2:27:56<1:28:29, 279.45s/it][I 2025-08-02 00:31:08,875] Trial 30 finished with value: 0.9100200001938199 and parameters: {'max_depth': 9, 'learning_rate': 0.049933424922800285, 'subsample': 0.8401001213881026, 'colsample_bytree': 0.6433558201939754, 'min_child_weight': 10}. Best is trial 18 with value: 0.9282350000518563.
[I 2025-08-02 00:36:45,474] Trial 31 finished with value: 0.9270879999428542 and parameters: {'max_depth': 11, 'learning_rate': 0.035732194596857066, 'subsample': 0.9265976366038773, 'colsample_bytree': 0.9669122955038185, 'min_child_weight': 9}. Best is trial 18 with value: 0.9282350000518563.
Best trial: 18. Best value: 0.928235:  66%|██████▌   | 33/50 [2:39:03<1:26:55, 306.77s/it][I 2025-08-02 00:42:15,985] Trial 32 finished with value: 0.9271450000178542 and parameters: {'max_depth': 11, 'learning_rate': 0.035527839666877885, 'subsample': 0.9157419817110475, 'colsample_bytree': 0.9720360151054843, 'min_child_weight': 9}. Best is trial 18 with value: 0.9282350000518563.
[I 2025-08-02 00:46:53,478] Trial 33 finished with value: 0.920867999779842 and parameters: {'max_depth': 10, 'learning_rate': 0.029330511043404152, 'subsample': 0.9997216155298834, 'colsample_bytree': 0.9082502957273251, 'min_child_weight': 9}. Best is trial 18 with value: 0.9282350000518563.
Best trial: 18. Best value: 0.928235:  70%|███████   | 35/50 [2:52:56<1:33:48, 375.22s/it][I 2025-08-02 00:56:08,912] Trial 34 finished with value: 0.9168510000768336 and parameters: {'max_depth': 12, 'learning_rate': 0.014420558125731788, 'subsample': 0.9623564875073936, 'colsample_bytree': 0.8768740123160058, 'min_child_weight': 8}. Best is trial 18 with value: 0.9282350000518563.
Best trial: 35. Best value: 0.928616:  72%|███████▏  | 36/50 [2:57:59<1:22:30, 353.63s/it][I 2025-08-02 01:01:12,176] Trial 35 finished with value: 0.9286160000908571 and parameters: {'max_depth': 11, 'learning_rate': 0.041863987803117585, 'subsample': 0.8998563632553864, 'colsample_bytree': 0.8032865509169198, 'min_child_weight': 9}. Best is trial 35 with value: 0.9286160000908571.
[I 2025-08-02 01:07:07,839] Trial 36 finished with value: 0.92997300006486 and parameters: {'max_depth': 12, 'learning_rate': 0.043395744209623464, 'subsample': 0.9048198676213257, 'colsample_bytree': 0.8031704417166295, 'min_child_weight': 10}. Best is trial 36 with value: 0.92997300006486.
Best trial: 37. Best value: 0.930067:  76%|███████▌  | 38/50 [3:09:54<1:11:09, 355.82s/it][I 2025-08-02 01:13:07,341] Trial 37 finished with value: 0.9300669999998602 and parameters: {'max_depth': 12, 'learning_rate': 0.041701378802052304, 'subsample': 0.8613036725270183, 'colsample_bytree': 0.8034116876960388, 'min_child_weight': 10}. Best is trial 37 with value: 0.9300669999998602.
[I 2025-08-02 01:19:04,090] Trial 38 finished with value: 0.9303710000068608 and parameters: {'max_depth': 12, 'learning_rate': 0.043135468088512915, 'subsample': 0.8622795565980318, 'colsample_bytree': 0.8002585278416328, 'min_child_weight': 10}. Best is trial 38 with value: 0.9303710000068608.
Best trial: 38. Best value: 0.930371:  80%|████████  | 40/50 [3:23:25<1:04:13, 385.38s/it][I 2025-08-02 01:26:37,809] Trial 39 finished with value: 0.9164569999438329 and parameters: {'max_depth': 12, 'learning_rate': 0.04461769885562028, 'subsample': 0.8561599981141725, 'colsample_bytree': 0.7974613456646509, 'min_child_weight': 10}. Best is trial 38 with value: 0.9303710000068608.
Best trial: 40. Best value: 0.930745:  82%|████████▏ | 41/50 [3:29:12<56:04, 373.83s/it]  [I 2025-08-02 01:32:24,669] Trial 40 finished with value: 0.9307449999878615 and parameters: {'max_depth': 12, 'learning_rate': 0.044888169425649826, 'subsample': 0.7875461511403663, 'colsample_bytree': 0.8136528890304154, 'min_child_weight': 10}. Best is trial 40 with value: 0.9307449999878615.
[I 2025-08-02 01:38:16,600] Trial 41 finished with value: 0.9307859998578616 and parameters: {'max_depth': 12, 'learning_rate': 0.04442873772223194, 'subsample': 0.781775976974348, 'colsample_bytree': 0.8067939717943456, 'min_child_weight': 10}. Best is trial 41 with value: 0.9307859998578616.
Best trial: 42. Best value: 0.931098:  86%|████████▌ | 43/50 [3:40:50<42:07, 361.01s/it][I 2025-08-02 01:44:03,044] Trial 42 finished with value: 0.9310980000378621 and parameters: {'max_depth': 12, 'learning_rate': 0.04568618257199665, 'subsample': 0.7776129418808627, 'colsample_bytree': 0.8031218706529625, 'min_child_weight': 10}. Best is trial 42 with value: 0.9310980000378621.
Best trial: 42. Best value: 0.931098:  88%|████████▊ | 44/50 [3:52:02<45:25, 454.33s/it][I 2025-08-02 01:55:15,103] Trial 43 finished with value: 0.8731169995157467 and parameters: {'max_depth': 12, 'learning_rate': 0.009098193299580238, 'subsample': 0.7875328883503271, 'colsample_bytree': 0.7339058068865597, 'min_child_weight': 10}. Best is trial 42 with value: 0.9310980000378621.
Best trial: 42. Best value: 0.931098:  90%|█████████ | 45/50 [3:53:36<28:51, 346.23s/it][I 2025-08-02 01:56:49,107] Trial 44 finished with value: 0.8605849997277214 and parameters: {'max_depth': 5, 'learning_rate': 0.0470344139988128, 'subsample': 0.7440036351754131, 'colsample_bytree': 0.7833836093502394, 'min_child_weight': 10}. Best is trial 42 with value: 0.9310980000378621.
Best trial: 42. Best value: 0.931098:  92%|█████████▏| 46/50 [4:00:50<24:50, 372.55s/it][I 2025-08-02 02:04:03,071] Trial 45 finished with value: 0.9307789999288616 and parameters: {'max_depth': 12, 'learning_rate': 0.03890757441507356, 'subsample': 0.6708644240319812, 'colsample_bytree': 0.8227047788785218, 'min_child_weight': 3}. Best is trial 42 with value: 0.9310980000378621.
Best trial: 42. Best value: 0.931098:  94%|█████████▍| 47/50 [4:08:02<19:31, 390.43s/it][I 2025-08-02 02:11:15,222] Trial 46 finished with value: 0.9308030000728614 and parameters: {'max_depth': 12, 'learning_rate': 0.03941364162325848, 'subsample': 0.6706946254353272, 'colsample_bytree': 0.8487022449645849, 'min_child_weight': 3}. Best is trial 42 with value: 0.9310980000378621.
Best trial: 42. Best value: 0.931098:  96%|█████████▌| 48/50 [4:12:37<11:51, 355.77s/it][I 2025-08-02 02:15:50,130] Trial 47 finished with value: 0.9276999999038557 and parameters: {'max_depth': 10, 'learning_rate': 0.03817287929258241, 'subsample': 0.6549459935264396, 'colsample_bytree': 0.8507483711227487, 'min_child_weight': 3}. Best is trial 42 with value: 0.9310980000378621.
Best trial: 42. Best value: 0.931098:  98%|█████████▊| 49/50 [4:15:31<05:01, 301.30s/it][I 2025-08-02 02:18:44,330] Trial 48 finished with value: 0.9097310000908193 and parameters: {'max_depth': 8, 'learning_rate': 0.02860460359813172, 'subsample': 0.6826296739229102, 'colsample_bytree': 0.8351037304033736, 'min_child_weight': 3}. Best is trial 42 with value: 0.9310980000378621.
[I 2025-08-02 02:25:06,689] Trial 49 finished with value: 0.9319820001238638 and parameters: {'max_depth': 12, 'learning_rate': 0.04996151190305171, 'subsample': 0.6010901599920864, 'colsample_bytree': 0.8179257306980465, 'min_child_weight': 4}. Best is trial 49 with value: 0.9319820001238638.
最佳参数: {'max_depth': 12, 'learning_rate': 0.04996151190305171, 'subsample': 0.6010901599920864, 'colsample_bytree': 0.8179257306980465, 'min_child_weight': 4}
Best trial: 49. Best value: 0.931982: 100%|██████████| 50/50 [4:21:54<00:00, 314.28s/it]
测试集整行全对准确率: 0.93648